> Task :app:checkKotlinGradlePluginConfigurationErrors
> Task :app:preBuild UP-TO-DATE
> Task :app:preDebugBuild UP-TO-DATE
> Task :app:generateDebugBuildConfig UP-TO-DATE
> Task :app:checkDebugAarMetadata UP-TO-DATE
> Task :app:generateDebugResValues UP-TO-DATE
> Task :app:mapDebugSourceSetPaths UP-TO-DATE
> Task :app:generateDebugResources UP-TO-DATE
> Task :app:mergeDebugResources UP-TO-DATE
> Task :app:packageDebugResources UP-TO-DATE
> Task :app:parseDebugLocalResources UP-TO-DATE
> Task :app:createDebugCompatibleScreenManifests UP-TO-DATE
> Task :app:extractDeepLinksDebug UP-TO-DATE
> Task :app:processDebugMainManifest UP-TO-DATE
> Task :app:processDebugManifest UP-TO-DATE
> Task :app:processDebugManifestForPackage UP-TO-DATE
> Task :app:processDebugResources UP-TO-DATE
> Task :app:compileDebugKotlin UP-TO-DATE
> Task :app:javaPreCompileDebug UP-TO-DATE
> Task :app:compileDebugJavaWithJavac UP-TO-DATE
> Task :app:mergeDebugShaders UP-TO-DATE
> Task :app:compileDebugShaders NO-SOURCE
> Task :app:generateDebugAssets UP-TO-DATE
> Task :app:mergeDebugAssets UP-TO-DATE
> Task :app:preDebugUnitTestBuild UP-TO-DATE
> Task :app:packageDebugUnitTestForUnitTest UP-TO-DATE
> Task :app:generateDebugUnitTestConfig UP-TO-DATE
> Task :app:preparePaparazziDebugResources UP-TO-DATE
> Task :app:processDebugJavaRes UP-TO-DATE
> Task :app:javaPreCompileDebugUnitTest UP-TO-DATE
> Task :app:buildKotlinToolingMetadata UP-TO-DATE
> Task :app:preReleaseBuild UP-TO-DATE
> Task :app:generateReleaseBuildConfig UP-TO-DATE
> Task :app:checkReleaseAarMetadata UP-TO-DATE
> Task :app:generateReleaseResValues UP-TO-DATE
> Task :app:mapReleaseSourceSetPaths UP-TO-DATE
> Task :app:generateReleaseResources UP-TO-DATE
> Task :app:mergeReleaseResources UP-TO-DATE
> Task :app:packageReleaseResources UP-TO-DATE
> Task :app:parseReleaseLocalResources UP-TO-DATE
> Task :app:createReleaseCompatibleScreenManifests UP-TO-DATE
> Task :app:bundleDebugClassesToRuntimeJar
> Task :app:extractDeepLinksRelease UP-TO-DATE
> Task :app:bundleDebugClassesToCompileJar
> Task :app:processReleaseMainManifest UP-TO-DATE
> Task :app:processReleaseManifest UP-TO-DATE
> Task :app:processReleaseManifestForPackage UP-TO-DATE
> Task :app:processReleaseResources UP-TO-DATE
> Task :app:javaPreCompileRelease UP-TO-DATE
> Task :app:mergeReleaseShaders UP-TO-DATE
> Task :app:compileReleaseShaders NO-SOURCE
> Task :app:generateReleaseAssets UP-TO-DATE
> Task :app:mergeReleaseAssets UP-TO-DATE
> Task :app:preReleaseUnitTestBuild UP-TO-DATE
> Task :app:packageReleaseUnitTestForUnitTest UP-TO-DATE
> Task :app:generateReleaseUnitTestConfig UP-TO-DATE
> Task :app:preparePaparazziReleaseResources UP-TO-DATE
> Task :app:javaPreCompileReleaseUnitTest UP-TO-DATE
> Task :app:preDebugAndroidTestBuild SKIPPED
> Task :app:processDebugAndroidTestManifest UP-TO-DATE
> Task :app:generateDebugAndroidTestBuildConfig UP-TO-DATE
> Task :app:checkDebugAndroidTestAarMetadata UP-TO-DATE
> Task :app:generateDebugAndroidTestResValues UP-TO-DATE
> Task :app:mapDebugAndroidTestSourceSetPaths UP-TO-DATE
> Task :app:generateDebugAndroidTestResources UP-TO-DATE
> Task :app:mergeDebugAndroidTestResources UP-TO-DATE
> Task :app:processDebugAndroidTestResources UP-TO-DATE
> Task :app:compileDebugUnitTestKotlin
> Task :app:processDebugUnitTestJavaRes UP-TO-DATE
> Task :app:compileDebugUnitTestJavaWithJavac NO-SOURCE
> Task :app:javaPreCompileDebugAndroidTest UP-TO-DATE
> Task :app:compressDebugAssets UP-TO-DATE
> Task :app:desugarDebugFileDependencies UP-TO-DATE
> Task :app:dexBuilderDebug UP-TO-DATE
> Task :app:mergeDebugGlobalSynthetics UP-TO-DATE
> Task :app:mergeDebugJavaResource UP-TO-DATE
> Task :app:checkDebugDuplicateClasses UP-TO-DATE
> Task :app:transformDebugUnitTestClassesWithAsm
> Task :app:mergeExtDexDebug UP-TO-DATE
> Task :app:compileDebugAndroidTestKotlin

> Task :app:testDebugUnitTest
⏱️ TEST-METRIC: com.adamoutler.ssh.ReflectionTest3.dumpMethods took 14ms

ReflectionTest3 > dumpMethods PASSED
⏱️ TEST-METRIC: com.adamoutler.ssh.ViewModelReflectionTest.testReflection took 23ms

ViewModelReflectionTest > testReflection PASSED
⏱️ TEST-METRIC: com.adamoutler.ssh.ReflectionTest.dumpMethods took 34ms

ReflectionTest > dumpMethods PASSED
⏱️ TEST-METRIC: com.adamoutler.ssh.ReflectionTest2.dumpMethods took 16ms

ReflectionTest2 > dumpMethods PASSED
⏱️ TEST-METRIC: com.adamoutler.ssh.ExceptionTest.testException took 48ms

ExceptionTest > testException PASSED
⏱️ TEST-METRIC: com.adamoutler.ssh.network.ConnectionStateRepositoryTest.test output is buffered before UI attaches and emitted after took 277ms

ConnectionStateRepositoryTest > test output is buffered before UI attaches and emitted after PASSED
⏱️ TEST-METRIC: com.adamoutler.ssh.backup.BackupCryptoManagerTest.testExportAndImportBackup took 658ms

BackupCryptoManagerTest > testExportAndImportBackup PASSED
⏱️ TEST-METRIC: com.adamoutler.ssh.crypto.SSHKeyGeneratorTest.testGenerateRSAKeyPair took 1396ms

SSHKeyGeneratorTest > testGenerateRSAKeyPair PASSED
⏱️ TEST-METRIC: com.adamoutler.ssh.crypto.SSHKeyGeneratorTest.testGenerateEd25519KeyPair took 76ms

SSHKeyGeneratorTest > testGenerateEd25519KeyPair PASSED

> Task :app:compileReleaseKotlin
w: file:///home/adamoutler/git/ssh/app/src/main/kotlin/com/adamoutler/ssh/ui/components/TerminalScreen.kt:112:9 Variable 'context' is never used
w: file:///home/adamoutler/git/ssh/app/src/main/kotlin/com/adamoutler/ssh/ui/components/TerminalScreen.kt:522:99 'scaledDensity: Float' is deprecated. Deprecated in Java
w: file:///home/adamoutler/git/ssh/app/src/main/kotlin/com/adamoutler/ssh/ui/screens/connectionlist/components/GroupedConnectionList.kt:31:9 Variable 'context' is never used
w: file:///home/adamoutler/git/ssh/app/src/main/kotlin/com/adamoutler/ssh/ui/screens/connectionlist/components/GroupedConnectionList.kt:97:55 'ArrowForward: ImageVector' is deprecated. Use the AutoMirrored version at Icons.AutoMirrored.Filled.ArrowForward

> Task :app:testDebugUnitTest
⏱️ TEST-METRIC: com.adamoutler.ssh.crypto.IdentityStorageManagerTest.testSaveAndRetrieveIdentity took 7239ms

IdentityStorageManagerTest > testSaveAndRetrieveIdentity PASSED
⏱️ TEST-METRIC: com.adamoutler.ssh.CoSshApplicationTest.testBouncyCastleProviderIsRegistered took 7098ms

CoSshApplicationTest > testBouncyCastleProviderIsRegistered PASSED
⏱️ TEST-METRIC: com.adamoutler.ssh.CoSshApplicationTest.testSecureCrashHandlerIsRegistered took 142ms

CoSshApplicationTest > testSecureCrashHandlerIsRegistered PASSED
⏱️ TEST-METRIC: com.adamoutler.ssh.crypto.IdentityStorageManagerTest.testGetAllIdentities took 224ms

IdentityStorageManagerTest > testGetAllIdentities PASSED
⏱️ TEST-METRIC: com.adamoutler.ssh.CoSshApplicationTest.testSecureCrashHandlerRedactsAndWritesToDisk took 161ms

CoSshApplicationTest > testSecureCrashHandlerRedactsAndWritesToDisk PASSED
⏱️ TEST-METRIC: com.adamoutler.ssh.crypto.IdentityStorageManagerTest.testDeleteIdentity took 270ms

IdentityStorageManagerTest > testDeleteIdentity PASSED
⏱️ TEST-METRIC: com.adamoutler.ssh.ui.components.TerminalScreenCopyTest.testTerminalCopyTextStripsTrailingSpaces took 7173ms

TerminalScreenCopyTest > testTerminalCopyTextStripsTrailingSpaces PASSED
⏱️ TEST-METRIC: com.adamoutler.ssh.network.SshConnectionManagerIntegrationTest.testHeadlessKeyConnection took 331ms

SshConnectionManagerIntegrationTest > testHeadlessKeyConnection PASSED
⏱️ TEST-METRIC: com.adamoutler.ssh.ui.base.BaseViewModelTest.testCoroutineExceptionIsCaughtAndEmitsUiEvent took 6593ms

BaseViewModelTest > testCoroutineExceptionIsCaughtAndEmitsUiEvent PASSED
⏱️ TEST-METRIC: com.adamoutler.ssh.network.SshConnectionManagerIntegrationTest.testHeadlessPasswordConnectionAndPtyInteraction took 1322ms

SshConnectionManagerIntegrationTest > testHeadlessPasswordConnectionAndPtyInteraction PASSED
⏱️ TEST-METRIC: com.adamoutler.ssh.network.SshConnectionManagerIntegrationTest.testHeadlessPasswordConnectionFailsAndClearsMemory took 99ms

SshConnectionManagerIntegrationTest > testHeadlessPasswordConnectionFailsAndClearsMemory PASSED
⏱️ TEST-METRIC: com.adamoutler.ssh.network.NotificationScreenshotTest.testForegroundNotification took 10249ms

NotificationScreenshotTest > testForegroundNotification PASSED
⏱️ TEST-METRIC: com.adamoutler.ssh.PlaceholderScreenScreenshotTest.defaultScreen took 10534ms

PlaceholderScreenScreenshotTest > defaultScreen PASSED
⏱️ TEST-METRIC: com.adamoutler.ssh.network.NotificationScreenshotTest.testMultipleForegroundNotifications took 526ms

NotificationScreenshotTest > testMultipleForegroundNotifications PASSED
⏱️ TEST-METRIC: com.adamoutler.ssh.AppLaunchTest.testAppLaunchesSuccessfully took 12143ms

AppLaunchTest > testAppLaunchesSuccessfully PASSED
⏱️ TEST-METRIC: com.adamoutler.ssh.crypto.ParsePublicKeyTest.testParse took 131ms

ParsePublicKeyTest > testParse PASSED
⏱️ TEST-METRIC: com.adamoutler.ssh.network.AppConnectionIntegrationTest.testInAppTerminalConnectionAndDataTransfer took 12660ms

AppConnectionIntegrationTest > testInAppTerminalConnectionAndDataTransfer PASSED
⏱️ TEST-METRIC: com.adamoutler.ssh.network.SshServiceForegroundTest.test service connection state transitions to error on failure took 596ms

SshServiceForegroundTest > test service connection state transitions to error on failure PASSED
⏱️ TEST-METRIC: com.adamoutler.ssh.network.SshServiceForegroundTest.starting service on API 34 calls startForeground with type took 206ms

SshServiceForegroundTest > starting service on API 34 calls startForeground with type PASSED
⏱️ TEST-METRIC: com.adamoutler.ssh.ui.components.TerminalSessionPersistenceTest.testTerminalSessionIsPersistedInProvider took 258ms

TerminalSessionPersistenceTest > testTerminalSessionIsPersistedInProvider PASSED
⏱️ TEST-METRIC: com.adamoutler.ssh.network.FiftyKbIntegrityTest.test50KbDataIntegrity took 13827ms

FiftyKbIntegrityTest > test50KbDataIntegrity PASSED
⏱️ TEST-METRIC: com.adamoutler.ssh.crypto.SSHKeyGeneratorEncodingTest.testGenerateAndEncodeRSA took 6937ms

SSHKeyGeneratorEncodingTest > testGenerateAndEncodeRSA PASSED
⏱️ TEST-METRIC: com.adamoutler.ssh.crypto.SSHKeyGeneratorEncodingTest.testGenerateAndEncodeEd25519 took 181ms

SSHKeyGeneratorEncodingTest > testGenerateAndEncodeEd25519 PASSED
⏱️ TEST-METRIC: com.adamoutler.ssh.crypto.SecurityStorageManagerTest.testStrongBoxFallbackLogic took 6290ms

SecurityStorageManagerTest > testStrongBoxFallbackLogic PASSED
⏱️ TEST-METRIC: com.adamoutler.ssh.crypto.SecurityStorageManagerTest.testSaveAndRetrieveProfile took 368ms

SecurityStorageManagerTest > testSaveAndRetrieveProfile PASSED
⏱️ TEST-METRIC: com.adamoutler.ssh.ui.components.TerminalScreenNewlineBleedThroughTest.testBleedThroughKeyEventIsIgnored took 6504ms

TerminalScreenNewlineBleedThroughTest > testBleedThroughKeyEventIsIgnored PASSED
⏱️ TEST-METRIC: com.adamoutler.ssh.crypto.SecurityStorageManagerTest.testDeleteProfile took 289ms

SecurityStorageManagerTest > testDeleteProfile PASSED
⏱️ TEST-METRIC: com.adamoutler.ssh.crypto.SecurityStorageManagerTest.testGetAllProfiles took 123ms

SecurityStorageManagerTest > testGetAllProfiles PASSED
⏱️ TEST-METRIC: com.adamoutler.ssh.network.SshConnectionManagerInjectionTest.testInjectPublicKey_ValidKey_AttemptConnect took 16738ms

SshConnectionManagerInjectionTest > testInjectPublicKey_ValidKey_AttemptConnect PASSED
⏱️ TEST-METRIC: com.adamoutler.ssh.ui.screens.IdentityViewModelTest.testSaveAndLoadIdentities took 420ms

IdentityViewModelTest > testSaveAndLoadIdentities PASSED
⏱️ TEST-METRIC: com.adamoutler.ssh.ui.screens.IdentityViewModelTest.testDeleteIdentity took 228ms

IdentityViewModelTest > testDeleteIdentity PASSED
⏱️ TEST-METRIC: com.adamoutler.ssh.ui.screens.ConnectionListSessionSelectorScreenshotTest.sessionSelectorDialogScreen took 10481ms

ConnectionListSessionSelectorScreenshotTest > sessionSelectorDialogScreen PASSED
⏱️ TEST-METRIC: com.adamoutler.ssh.ui.components.TerminalExtraKeysScreenshotTest.page1_withModifiers took 691ms

TerminalExtraKeysScreenshotTest > page1_withModifiers PASSED
⏱️ TEST-METRIC: com.adamoutler.ssh.ui.components.TerminalExtraKeysScreenshotTest.page1_noModifiers took 352ms

TerminalExtraKeysScreenshotTest > page1_noModifiers PASSED
⏱️ TEST-METRIC: com.adamoutler.ssh.ui.screens.AddEditProfileViewModelTest.test save and retrieve profile took 102ms

AddEditProfileViewModelTest > test save and retrieve profile PASSED
⏱️ TEST-METRIC: com.adamoutler.ssh.ui.screens.AddEditProfileScreenScreenshotTest.toggledScreenPasswordAuth took 10295ms

AddEditProfileScreenScreenshotTest > toggledScreenPasswordAuth PASSED
⏱️ TEST-METRIC: com.adamoutler.ssh.ui.components.TerminalScreenResumeScreenshotTest.terminalShowsPersistedHistoryOnResume took 9770ms

TerminalScreenResumeScreenshotTest > terminalShowsPersistedHistoryOnResume PASSED
⏱️ TEST-METRIC: com.adamoutler.ssh.ui.screens.AddEditProfileScreenScreenshotTest.defaultScreenPasswordAuth took 445ms

AddEditProfileScreenScreenshotTest > defaultScreenPasswordAuth PASSED
⏱️ TEST-METRIC: com.adamoutler.ssh.ui.screens.AddEditProfileScreenScreenshotTest.defaultScreenKeyAuth took 241ms

AddEditProfileScreenScreenshotTest > defaultScreenKeyAuth PASSED
⏱️ TEST-METRIC: com.adamoutler.ssh.network.AppConnectionIntegrationTest.test19StepWorkflow_ConnectionResumeAndConcurrentSessions took 6781ms

AppConnectionIntegrationTest > test19StepWorkflow_ConnectionResumeAndConcurrentSessions PASSED
⏱️ TEST-METRIC: com.adamoutler.ssh.ui.components.TerminalModifierLogicTest.testCtrlC_Encoding took 1ms

TerminalModifierLogicTest > testCtrlC_Encoding PASSED
⏱️ TEST-METRIC: com.adamoutler.ssh.ui.components.TerminalModifierLogicTest.testAltA_Encoding took 0ms

TerminalModifierLogicTest > testAltA_Encoding PASSED
⏱️ TEST-METRIC: com.adamoutler.ssh.ui.components.TerminalModifierLogicTest.testTerminalInputLockout took 0ms

TerminalModifierLogicTest > testTerminalInputLockout PASSED
⏱️ TEST-METRIC: com.adamoutler.ssh.ui.components.TerminalScreenDialogScreenshotTest.sessionDisconnectedDialogScreen took 6509ms

TerminalScreenDialogScreenshotTest > sessionDisconnectedDialogScreen PASSED
⏱️ TEST-METRIC: com.adamoutler.ssh.network.SshConnectionManagerInjectionTest.testInjectPublicKey_InvalidKey_ReturnsFalse took 3102ms

SshConnectionManagerInjectionTest > testInjectPublicKey_InvalidKey_ReturnsFalse PASSED
⏱️ TEST-METRIC: com.adamoutler.ssh.ui.components.TerminalScreenDialogScreenshotTest.keepAliveDialogScreen took 252ms

TerminalScreenDialogScreenshotTest > keepAliveDialogScreen PASSED
⏱️ TEST-METRIC: com.adamoutler.ssh.ui.components.TerminalScreenDialogScreenshotTest.connectionFailedDialogScreen took 201ms

TerminalScreenDialogScreenshotTest > connectionFailedDialogScreen PASSED
⏱️ TEST-METRIC: com.adamoutler.ssh.ui.screens.ConnectionListViewModelDragDropTest.testDragAndDropReordersItems took 2053ms

ConnectionListViewModelDragDropTest > testDragAndDropReordersItems PASSED
⏱️ TEST-METRIC: com.adamoutler.ssh.ui.screens.ConnectionListScreenScreenshotTest.draggedConnectionItemScreen took 4336ms

ConnectionListScreenScreenshotTest > draggedConnectionItemScreen PASSED
⏱️ TEST-METRIC: com.adamoutler.ssh.ui.screens.ConnectionListScreenScreenshotTest.activeConnectionBadgeScreen took 377ms

ConnectionListScreenScreenshotTest > activeConnectionBadgeScreen PASSED
⏱️ TEST-METRIC: com.adamoutler.ssh.ui.screens.ConnectionListScreenScreenshotTest.menuExpandedScreen took 225ms

ConnectionListScreenScreenshotTest > menuExpandedScreen PASSED
⏱️ TEST-METRIC: com.adamoutler.ssh.ui.components.TerminalScreenOverlayScreenshotTest.overlayButtonsVisible took 4166ms

TerminalScreenOverlayScreenshotTest > overlayButtonsVisible PASSED
⏱️ TEST-METRIC: com.adamoutler.ssh.ui.screens.ConnectionListScreenScreenshotTest.defaultScreen took 141ms

ConnectionListScreenScreenshotTest > defaultScreen PASSED
⏱️ TEST-METRIC: com.adamoutler.ssh.ui.UserJourneyIntegrationTest.testUserJourney_ConnectionResumeAndConcurrentSessions took 13208ms

UserJourneyIntegrationTest > testUserJourney_ConnectionResumeAndConcurrentSessions PASSED
⏱️ TEST-METRIC: com.adamoutler.ssh.ui.UserJourneyIntegrationTest.testUserJourney_AddProfileAndSeeInList took 4400ms

UserJourneyIntegrationTest > testUserJourney_AddProfileAndSeeInList PASSED
⏱️ TEST-METRIC: com.adamoutler.ssh.ui.keys.KeyManagementScreenScreenshotTest.screenWithGeneratedKey took 2603ms

KeyManagementScreenScreenshotTest > screenWithGeneratedKey PASSED
⏱️ TEST-METRIC: com.adamoutler.ssh.ui.keys.KeyManagementScreenScreenshotTest.defaultScreen took 129ms

KeyManagementScreenScreenshotTest > defaultScreen PASSED
✅ FULL TEST SUITE EXECUTED.
See the Paparazzi report at: file:///home/adamoutler/git/ssh/app/build/reports/paparazzi/debug/index.html

> Task :app:compileReleaseJavaWithJavac
> Task :app:processReleaseJavaRes UP-TO-DATE
> Task :app:bundleReleaseClassesToRuntimeJar
> Task :app:bundleReleaseClassesToCompileJar
> Task :app:compileDebugAndroidTestJavaWithJavac
> Task :app:mergeLibDexDebug UP-TO-DATE
> Task :app:mergeProjectDexDebug UP-TO-DATE
> Task :app:mergeDebugJniLibFolders UP-TO-DATE
> Task :app:mergeDebugNativeLibs UP-TO-DATE
> Task :app:stripDebugDebugSymbols UP-TO-DATE
> Task :app:validateSigningDebug UP-TO-DATE
> Task :app:writeDebugAppMetadata UP-TO-DATE
> Task :app:writeDebugSigningConfigVersions UP-TO-DATE
> Task :app:mergeDebugAndroidTestShaders UP-TO-DATE
> Task :app:compileDebugAndroidTestShaders NO-SOURCE
> Task :app:generateDebugAndroidTestAssets UP-TO-DATE
> Task :app:mergeDebugAndroidTestAssets UP-TO-DATE
> Task :app:compressDebugAndroidTestAssets UP-TO-DATE
> Task :app:desugarDebugAndroidTestFileDependencies UP-TO-DATE
> Task :app:dexBuilderDebugAndroidTest UP-TO-DATE
> Task :app:mergeDebugAndroidTestGlobalSynthetics UP-TO-DATE
> Task :app:processDebugAndroidTestJavaRes UP-TO-DATE
> Task :app:mergeDebugAndroidTestJavaResource UP-TO-DATE
> Task :app:checkDebugAndroidTestDuplicateClasses UP-TO-DATE
> Task :app:mergeExtDexDebugAndroidTest UP-TO-DATE
> Task :app:mergeLibDexDebugAndroidTest UP-TO-DATE
> Task :app:mergeProjectDexDebugAndroidTest UP-TO-DATE
> Task :app:mergeDebugAndroidTestJniLibFolders UP-TO-DATE
> Task :app:mergeDebugAndroidTestNativeLibs NO-SOURCE
> Task :app:stripDebugAndroidTestDebugSymbols NO-SOURCE
> Task :app:validateSigningDebugAndroidTest UP-TO-DATE
> Task :app:writeDebugAndroidTestSigningConfigVersions UP-TO-DATE
> Task :app:packageDebugAndroidTest UP-TO-DATE
> Task :app:createDebugAndroidTestApkListingFileRedirect UP-TO-DATE
> Task :app:packageDebug
> Task :app:createDebugApkListingFileRedirect UP-TO-DATE

> Task :app:compileReleaseUnitTestKotlin
w: file:///home/adamoutler/git/ssh/app/src/test/kotlin/com/adamoutler/ssh/network/SshConnectionManagerIntegrationTest.kt:120:53 Condition 'result != null' is always 'true'

> Task :app:connectedDebugAndroidTest
Starting 17 tests on Pixel 10 Pro Fold - 16
Starting 17 tests on Pixel 9 Pro - 16

Pixel 10 Pro Fold - 16 Tests 0/17 completed. (0 skipped) (0 failed)
Pixel 9 Pro - 16 Tests 0/17 completed. (0 skipped) (0 failed)

> Task :app:connectedDebugAndroidTest

com.adamoutler.ssh.ConnectionCrashTest > testConnectionAndDataTransmission[Pixel 10 Pro Fold - 16] [31mFAILED [0m
	java.lang.AssertionError: Terminal should receive RESPONSE 1 for first request
	at org.junit.Assert.fail(Assert.java:89)

com.adamoutler.ssh.ConnectionCrashTest > testConnectionAndDataTransmission[Pixel 9 Pro - 16] [31mFAILED [0m
	java.lang.AssertionError: Terminal should receive RESPONSE 1 for first request
	at org.junit.Assert.fail(Assert.java:89)

com.adamoutler.ssh.ConnectionResumeE2ETest > testConnectionResumeAndMultipleSessions[Pixel 10 Pro Fold - 16] [31mFAILED [0m


Pixel 10 Pro Fold - 16 Tests 2/17 completed. (0 skipped) (2 failed)
Pixel 9 Pro - 16 Tests 1/17 completed. (0 skipped) (1 failed)

> Task :app:connectedDebugAndroidTest

com.adamoutler.ssh.ConnectionResumeE2ETest > testConnectionResumeAndMultipleSessions[Pixel 9 Pro - 16] [31mFAILED [0m


Pixel 9 Pro - 16 Tests 2/17 completed. (0 skipped) (2 failed)
Finished 2 tests on Pixel 10 Pro Fold - 16

> Task :app:connectedDebugAndroidTest
Tests on Pixel 10 Pro Fold - 16 failed: There was 2 failure(s).
Tests on Pixel 9 Pro - 16 failed: There was 2 failure(s).

Finished 2 tests on Pixel 9 Pro - 16

> Task :app:connectedDebugAndroidTest FAILED
Test run failed to complete. Instrumentation run failed due to Process crashed.
Test run failed to complete. Instrumentation run failed due to Process crashed.

FAILURE: Build failed with an exception.

* What went wrong:
Execution failed for task ':app:connectedDebugAndroidTest'.
> There were failing tests. See the report at: file:///home/adamoutler/git/ssh/app/build/reports/androidTests/connected/debug/index.html

* Try:
> Run with --stacktrace option to get the stack trace.
> Run with --info or --debug option to get more log output.
> Run with --scan to get full insights.
> Get more help at https://help.gradle.org.

BUILD FAILED in 1m 21s
105 actionable tasks: 15 executed, 90 up-to-date
