
> Configure project :app
w: file:///home/adamoutler/git/ssh/app/build.gradle.kts:9:26: 'exec(String!): Process!' is deprecated. Deprecated in Java

> Task :app:checkKotlinGradlePluginConfigurationErrors
> Task :app:preBuild UP-TO-DATE
> Task :app:preDebugBuild UP-TO-DATE
> Task :app:generateDebugBuildConfig
> Task :app:checkDebugAarMetadata UP-TO-DATE
> Task :app:generateDebugResValues UP-TO-DATE
> Task :app:mapDebugSourceSetPaths UP-TO-DATE
> Task :app:generateDebugResources UP-TO-DATE
> Task :app:mergeDebugResources UP-TO-DATE
> Task :app:packageDebugResources UP-TO-DATE
> Task :app:parseDebugLocalResources UP-TO-DATE
> Task :app:createDebugCompatibleScreenManifests
> Task :app:extractDeepLinksDebug UP-TO-DATE

> Task :app:processDebugMainManifest
/home/adamoutler/git/ssh/app/src/main/AndroidManifest.xml:14:9-41 Warning:
	android:extractNativeLibs should not be specified in this source AndroidManifest.xml file. See https://d.android.com/guide/topics/manifest/application-element#extractNativeLibs for more information.
The AGP Upgrade Assistant can remove the attribute from the AndroidManifest.xml file and update the build file accordingly. See https://d.android.com/studio/build/agp-upgrade-assistant for more information.

> Task :app:processDebugManifest
> Task :app:javaPreCompileDebug UP-TO-DATE
> Task :app:preDebugAndroidTestBuild SKIPPED
> Task :app:processDebugAndroidTestManifest
> Task :app:generateDebugAndroidTestBuildConfig
> Task :app:generateDebugAndroidTestResValues UP-TO-DATE
> Task :app:checkDebugAndroidTestAarMetadata
> Task :app:mapDebugAndroidTestSourceSetPaths
> Task :app:generateDebugAndroidTestResources
> Task :app:mergeDebugShaders UP-TO-DATE
> Task :app:compileDebugShaders NO-SOURCE
> Task :app:generateDebugAssets UP-TO-DATE
> Task :app:mergeDebugAssets UP-TO-DATE
> Task :app:compressDebugAssets UP-TO-DATE
> Task :app:javaPreCompileDebugAndroidTest
> Task :app:desugarDebugFileDependencies UP-TO-DATE
> Task :app:mergeDebugAndroidTestResources
> Task :app:checkDebugDuplicateClasses UP-TO-DATE
> Task :app:mergeExtDexDebug UP-TO-DATE
> Task :app:mergeLibDexDebug UP-TO-DATE
> Task :app:configureNdkBuildDebug[arm64-v8a]
> Task :app:buildNdkBuildDebug[arm64-v8a]
> Task :app:configureNdkBuildDebug[armeabi-v7a]
> Task :app:buildNdkBuildDebug[armeabi-v7a]
> Task :app:configureNdkBuildDebug[x86]
> Task :app:processDebugAndroidTestResources
> Task :app:buildNdkBuildDebug[x86]
> Task :app:configureNdkBuildDebug[x86_64]
> Task :app:buildNdkBuildDebug[x86_64]
> Task :app:mergeDebugJniLibFolders UP-TO-DATE
> Task :app:mergeDebugNativeLibs UP-TO-DATE
> Task :app:stripDebugDebugSymbols UP-TO-DATE
> Task :app:validateSigningDebug UP-TO-DATE
> Task :app:writeDebugAppMetadata UP-TO-DATE
> Task :app:writeDebugSigningConfigVersions UP-TO-DATE
> Task :app:mergeDebugAndroidTestShaders
> Task :app:compileDebugAndroidTestShaders NO-SOURCE
> Task :app:generateDebugAndroidTestAssets UP-TO-DATE
> Task :app:mergeDebugAndroidTestAssets
> Task :app:compressDebugAndroidTestAssets
> Task :app:desugarDebugAndroidTestFileDependencies
> Task :app:processDebugManifestForPackage
> Task :app:checkDebugAndroidTestDuplicateClasses
> Task :app:processDebugResources
> Task :app:mergeDebugAndroidTestJniLibFolders
> Task :app:mergeLibDexDebugAndroidTest
> Task :app:mergeDebugAndroidTestNativeLibs NO-SOURCE
> Task :app:stripDebugAndroidTestDebugSymbols NO-SOURCE
> Task :app:validateSigningDebugAndroidTest
> Task :app:writeDebugAndroidTestSigningConfigVersions
> Task :app:compileDebugKotlin
> Task :app:mergeExtDexDebugAndroidTest
> Task :app:compileDebugJavaWithJavac
> Task :app:bundleDebugClassesToCompileJar
> Task :app:dexBuilderDebug
> Task :app:mergeDebugGlobalSynthetics UP-TO-DATE
> Task :app:processDebugJavaRes UP-TO-DATE
> Task :app:mergeDebugJavaResource UP-TO-DATE
> Task :app:mergeProjectDexDebug
> Task :app:packageDebug
> Task :app:createDebugApkListingFileRedirect

> Task :app:compileDebugAndroidTestKotlin
w: file:///home/adamoutler/git/ssh/app/src/androidTest/kotlin/com/adamoutler/ssh/network/SshServiceInstrumentationTest.kt:81:51 'getRunningServices(Int): (Mutable)List<ActivityManager.RunningServiceInfo!>!' is deprecated. Deprecated in Java
w: file:///home/adamoutler/git/ssh/app/src/androidTest/kotlin/com/adamoutler/ssh/ui/components/TerminalScreenInstrumentedTest.kt:143:13 Variable 'backNavigationCalled' is assigned but never accessed
w: file:///home/adamoutler/git/ssh/app/src/androidTest/kotlin/com/adamoutler/ssh/ui/screens/ConnectionListScreenInstrumentedTest.kt:64:13 Variable 'capturedIntent' is assigned but never accessed

> Task :app:compileDebugAndroidTestJavaWithJavac
> Task :app:dexBuilderDebugAndroidTest
> Task :app:mergeDebugAndroidTestGlobalSynthetics
> Task :app:processDebugAndroidTestJavaRes
> Task :app:mergeProjectDexDebugAndroidTest
> Task :app:mergeDebugAndroidTestJavaResource
> Task :app:packageDebugAndroidTest
> Task :app:createDebugAndroidTestApkListingFileRedirect

> Task :app:connectedDebugAndroidTest
Starting 13 tests on Agent_Device(AVD) - 14

Agent_Device(AVD) - 14 Tests 0/13 completed. (0 skipped) (0 failed)

> Task :app:connectedDebugAndroidTest

com.adamoutler.ssh.ConnectionResumeE2ETest > testConnectionResumeAndMultipleSessions[Agent_Device(AVD) - 14] [31mFAILED [0m
	java.lang.AssertionError: Transcript should contain 'Hello Resume'
	at org.junit.Assert.fail(Assert.java:89)

Agent_Device(AVD) - 14 Tests 3/13 completed. (0 skipped) (1 failed)
Agent_Device(AVD) - 14 Tests 4/13 completed. (0 skipped) (1 failed)
Agent_Device(AVD) - 14 Tests 5/13 completed. (0 skipped) (1 failed)

> Task :app:connectedDebugAndroidTest

com.adamoutler.ssh.ui.components.TerminalScreenInstrumentedTest > testFloatingOverlayButtons[Agent_Device(AVD) - 14] [31mFAILED [0m
	java.lang.AssertionError: Failed to inject touch input.
	Reason: Expected exactly '1' node but could not find any node that satisfies: (ContentDescription = 'Terminate Session' (ignoreCase: false))

Agent_Device(AVD) - 14 Tests 10/13 completed. (0 skipped) (2 failed)
Finished 13 tests on Agent_Device(AVD) - 14

> Task :app:connectedDebugAndroidTest
Tests on Agent_Device(AVD) - 14 failed: There was 2 failure(s).

> Task :app:connectedDebugAndroidTest FAILED

FAILURE: Build failed with an exception.

* What went wrong:
Execution failed for task ':app:connectedDebugAndroidTest'.
> There were failing tests. See the report at: file:///home/adamoutler/git/ssh/app/build/reports/androidTests/connected/debug/index.html

* Try:
> Run with --stacktrace option to get the stack trace.
> Run with --info or --debug option to get more log output.
> Run with --scan to get full insights.
> Get more help at https://help.gradle.org.

BUILD FAILED in 1m 40s
76 actionable tasks: 50 executed, 26 up-to-date
