> Task :app:checkKotlinGradlePluginConfigurationErrors
> Task :app:preBuild UP-TO-DATE
> Task :app:preDebugBuild UP-TO-DATE
> Task :app:generateDebugBuildConfig UP-TO-DATE
> Task :app:checkDebugAarMetadata UP-TO-DATE
> Task :app:generateDebugResValues UP-TO-DATE
> Task :app:mapDebugSourceSetPaths UP-TO-DATE
> Task :app:generateDebugResources UP-TO-DATE
> Task :app:mergeDebugResources UP-TO-DATE
> Task :app:packageDebugResources UP-TO-DATE
> Task :app:parseDebugLocalResources UP-TO-DATE
> Task :app:createDebugCompatibleScreenManifests UP-TO-DATE
> Task :app:extractDeepLinksDebug UP-TO-DATE
> Task :app:processDebugMainManifest UP-TO-DATE
> Task :app:processDebugManifest UP-TO-DATE
> Task :app:processDebugManifestForPackage UP-TO-DATE
> Task :app:processDebugResources UP-TO-DATE
> Task :app:compileDebugKotlin UP-TO-DATE
> Task :app:javaPreCompileDebug UP-TO-DATE
> Task :app:compileDebugJavaWithJavac UP-TO-DATE
> Task :app:bundleDebugClassesToRuntimeJar UP-TO-DATE
> Task :app:bundleDebugClassesToCompileJar UP-TO-DATE
> Task :app:preparePaparazziDebugResources UP-TO-DATE
> Task :app:compileDebugUnitTestKotlin UP-TO-DATE
> Task :app:preDebugUnitTestBuild UP-TO-DATE
> Task :app:javaPreCompileDebugUnitTest UP-TO-DATE
> Task :app:compileDebugUnitTestJavaWithJavac NO-SOURCE
> Task :app:mergeDebugShaders UP-TO-DATE
> Task :app:compileDebugShaders NO-SOURCE
> Task :app:generateDebugAssets UP-TO-DATE
> Task :app:mergeDebugAssets UP-TO-DATE
> Task :app:packageDebugUnitTestForUnitTest UP-TO-DATE
> Task :app:generateDebugUnitTestConfig UP-TO-DATE
> Task :app:processDebugJavaRes UP-TO-DATE
> Task :app:processDebugUnitTestJavaRes UP-TO-DATE

> Task :app:testDebugUnitTest
⏱️ TEST-METRIC: com.adamoutler.ssh.AppLaunchTest.testAppLaunchesSuccessfully took 3061ms

com.adamoutler.ssh.AppLaunchTest > testAppLaunchesSuccessfully PASSED
⏱️ TEST-METRIC: com.adamoutler.ssh.CoSshApplicationTest.testBouncyCastleProviderIsRegistered took 30ms

com.adamoutler.ssh.CoSshApplicationTest > testBouncyCastleProviderIsRegistered PASSED
⏱️ TEST-METRIC: com.adamoutler.ssh.CoSshApplicationTest.testSecureCrashHandlerIsRegistered took 27ms

com.adamoutler.ssh.CoSshApplicationTest > testSecureCrashHandlerIsRegistered PASSED
⏱️ TEST-METRIC: com.adamoutler.ssh.CoSshApplicationTest.testSecureCrashHandlerRedactsAndWritesToDisk took 36ms

com.adamoutler.ssh.CoSshApplicationTest > testSecureCrashHandlerRedactsAndWritesToDisk PASSED
⏱️ TEST-METRIC: com.adamoutler.ssh.ExceptionTest.testException took 7ms

com.adamoutler.ssh.ExceptionTest > testException PASSED
⏱️ TEST-METRIC: com.adamoutler.ssh.PlaceholderScreenScreenshotTest.defaultScreen took 2734ms

com.adamoutler.ssh.PlaceholderScreenScreenshotTest > defaultScreen PASSED
⏱️ TEST-METRIC: com.adamoutler.ssh.ReflectionTest.testMethods took 1ms

com.adamoutler.ssh.ReflectionTest > testMethods PASSED
⏱️ TEST-METRIC: com.adamoutler.ssh.ViewModelReflectionTest.testReflection took 1ms

com.adamoutler.ssh.ViewModelReflectionTest > testReflection PASSED
⏱️ TEST-METRIC: com.adamoutler.ssh.backup.BackupCryptoManagerTest.testExportAndImportBackup took 134ms

com.adamoutler.ssh.backup.BackupCryptoManagerTest > testExportAndImportBackup PASSED
⏱️ TEST-METRIC: com.adamoutler.ssh.crypto.SSHKeyGeneratorTest.testGenerateRSAKeyPair took 823ms

com.adamoutler.ssh.crypto.SSHKeyGeneratorTest > testGenerateRSAKeyPair PASSED
⏱️ TEST-METRIC: com.adamoutler.ssh.crypto.SSHKeyGeneratorTest.testGenerateEd25519KeyPair took 6ms

com.adamoutler.ssh.crypto.SSHKeyGeneratorTest > testGenerateEd25519KeyPair PASSED
⏱️ TEST-METRIC: com.adamoutler.ssh.crypto.SecurityStorageManagerTest.testStrongBoxFallbackLogic took 27ms

com.adamoutler.ssh.crypto.SecurityStorageManagerTest > testStrongBoxFallbackLogic PASSED
⏱️ TEST-METRIC: com.adamoutler.ssh.crypto.SecurityStorageManagerTest.testSaveAndRetrieveProfile took 43ms

com.adamoutler.ssh.crypto.SecurityStorageManagerTest > testSaveAndRetrieveProfile PASSED
⏱️ TEST-METRIC: com.adamoutler.ssh.crypto.SecurityStorageManagerTest.testDeleteProfile took 57ms

com.adamoutler.ssh.crypto.SecurityStorageManagerTest > testDeleteProfile PASSED
⏱️ TEST-METRIC: com.adamoutler.ssh.crypto.SecurityStorageManagerTest.testGetAllProfiles took 55ms

com.adamoutler.ssh.crypto.SecurityStorageManagerTest > testGetAllProfiles PASSED
⏱️ TEST-METRIC: com.adamoutler.ssh.network.AppConnectionIntegrationTest.testInAppTerminalConnectionAndDataTransfer took 4737ms

com.adamoutler.ssh.network.AppConnectionIntegrationTest > testInAppTerminalConnectionAndDataTransfer PASSED
⏱️ TEST-METRIC: com.adamoutler.ssh.network.NotificationScreenshotTest.testForegroundNotification took 167ms

com.adamoutler.ssh.network.NotificationScreenshotTest > testForegroundNotification PASSED
⏱️ TEST-METRIC: com.adamoutler.ssh.network.SshConnectionManagerIntegrationTest.testHeadlessPasswordConnectionAndPtyInteraction took 1312ms

com.adamoutler.ssh.network.SshConnectionManagerIntegrationTest > testHeadlessPasswordConnectionAndPtyInteraction PASSED
⏱️ TEST-METRIC: com.adamoutler.ssh.network.SshConnectionManagerIntegrationTest.testHeadlessPasswordConnectionFailsAndClearsMemory took 66ms

com.adamoutler.ssh.network.SshConnectionManagerIntegrationTest > testHeadlessPasswordConnectionFailsAndClearsMemory PASSED
⏱️ TEST-METRIC: com.adamoutler.ssh.network.SshServiceForegroundTest.test service connection state transitions to error on failure took 197ms

com.adamoutler.ssh.network.SshServiceForegroundTest > test service connection state transitions to error on failure PASSED
⏱️ TEST-METRIC: com.adamoutler.ssh.network.SshServiceForegroundTest.starting service on API 34 calls startForeground with type took 43ms

com.adamoutler.ssh.network.SshServiceForegroundTest > starting service on API 34 calls startForeground with type PASSED
⏱️ TEST-METRIC: com.adamoutler.ssh.ui.UserJourneyIntegrationTest.testUserJourney_AddProfileAndSeeInList took 3474ms

com.adamoutler.ssh.ui.UserJourneyIntegrationTest > testUserJourney_AddProfileAndSeeInList PASSED
⏱️ TEST-METRIC: com.adamoutler.ssh.ui.base.BaseViewModelTest.testCoroutineExceptionIsCaughtAndEmitsUiEvent took 31ms

com.adamoutler.ssh.ui.base.BaseViewModelTest > testCoroutineExceptionIsCaughtAndEmitsUiEvent PASSED
⏱️ TEST-METRIC: com.adamoutler.ssh.ui.components.TerminalExtraKeysScreenshotTest.page1_withModifiers took 175ms

com.adamoutler.ssh.ui.components.TerminalExtraKeysScreenshotTest > page1_withModifiers PASSED
⏱️ TEST-METRIC: com.adamoutler.ssh.ui.components.TerminalExtraKeysScreenshotTest.page1_noModifiers took 103ms

com.adamoutler.ssh.ui.components.TerminalExtraKeysScreenshotTest > page1_noModifiers PASSED
⏱️ TEST-METRIC: com.adamoutler.ssh.ui.components.TerminalModifierLogicTest.testCtrlC_Encoding took 0ms

com.adamoutler.ssh.ui.components.TerminalModifierLogicTest > testCtrlC_Encoding PASSED
⏱️ TEST-METRIC: com.adamoutler.ssh.ui.components.TerminalModifierLogicTest.testAltA_Encoding took 0ms

com.adamoutler.ssh.ui.components.TerminalModifierLogicTest > testAltA_Encoding PASSED
⏱️ TEST-METRIC: com.adamoutler.ssh.ui.components.TerminalModifierLogicTest.testTerminalInputLockout took 0ms

com.adamoutler.ssh.ui.components.TerminalModifierLogicTest > testTerminalInputLockout PASSED
⏱️ TEST-METRIC: com.adamoutler.ssh.ui.components.TerminalScreenCopyTest.testTerminalCopyTextStripsTrailingSpaces took 26ms

com.adamoutler.ssh.ui.components.TerminalScreenCopyTest > testTerminalCopyTextStripsTrailingSpaces PASSED
⏱️ TEST-METRIC: com.adamoutler.ssh.ui.components.TerminalScreenDialogScreenshotTest.sessionDisconnectedDialogScreen took 188ms

com.adamoutler.ssh.ui.components.TerminalScreenDialogScreenshotTest > sessionDisconnectedDialogScreen PASSED
⏱️ TEST-METRIC: com.adamoutler.ssh.ui.components.TerminalScreenDialogScreenshotTest.keepAliveDialogScreen took 131ms

com.adamoutler.ssh.ui.components.TerminalScreenDialogScreenshotTest > keepAliveDialogScreen PASSED
⏱️ TEST-METRIC: com.adamoutler.ssh.ui.components.TerminalScreenDialogScreenshotTest.connectionFailedDialogScreen took 124ms

com.adamoutler.ssh.ui.components.TerminalScreenDialogScreenshotTest > connectionFailedDialogScreen PASSED
⏱️ TEST-METRIC: com.adamoutler.ssh.ui.components.TerminalScreenOverlayScreenshotTest.overlayButtonsVisible took 80ms

com.adamoutler.ssh.ui.components.TerminalScreenOverlayScreenshotTest > overlayButtonsVisible PASSED
⏱️ TEST-METRIC: com.adamoutler.ssh.ui.components.TerminalScreenResumeScreenshotTest.terminalShowsPersistedHistoryOnResume took 90ms

com.adamoutler.ssh.ui.components.TerminalScreenResumeScreenshotTest > terminalShowsPersistedHistoryOnResume PASSED
⏱️ TEST-METRIC: com.adamoutler.ssh.ui.components.TerminalSessionPersistenceTest.testTerminalSessionIsPersistedInProvider took 31ms

com.adamoutler.ssh.ui.components.TerminalSessionPersistenceTest > testTerminalSessionIsPersistedInProvider PASSED
⏱️ TEST-METRIC: com.adamoutler.ssh.ui.keys.KeyManagementScreenScreenshotTest.screenWithGeneratedKey took 137ms

com.adamoutler.ssh.ui.keys.KeyManagementScreenScreenshotTest > screenWithGeneratedKey PASSED
⏱️ TEST-METRIC: com.adamoutler.ssh.ui.keys.KeyManagementScreenScreenshotTest.defaultScreen took 84ms

com.adamoutler.ssh.ui.keys.KeyManagementScreenScreenshotTest > defaultScreen PASSED
⏱️ TEST-METRIC: com.adamoutler.ssh.ui.screens.AddEditProfileScreenScreenshotTest.defaultScreenPasswordAuth took 174ms

com.adamoutler.ssh.ui.screens.AddEditProfileScreenScreenshotTest > defaultScreenPasswordAuth PASSED
⏱️ TEST-METRIC: com.adamoutler.ssh.ui.screens.AddEditProfileScreenScreenshotTest.defaultScreenKeyAuth took 115ms

com.adamoutler.ssh.ui.screens.AddEditProfileScreenScreenshotTest > defaultScreenKeyAuth PASSED
⏱️ TEST-METRIC: com.adamoutler.ssh.ui.screens.AddEditProfileViewModelTest.test save and retrieve profile took 53ms

com.adamoutler.ssh.ui.screens.AddEditProfileViewModelTest > test save and retrieve profile PASSED
⏱️ TEST-METRIC: com.adamoutler.ssh.ui.screens.ConnectionListScreenScreenshotTest.draggedConnectionItemScreen took 82ms

com.adamoutler.ssh.ui.screens.ConnectionListScreenScreenshotTest > draggedConnectionItemScreen PASSED
⏱️ TEST-METRIC: com.adamoutler.ssh.ui.screens.ConnectionListScreenScreenshotTest.activeConnectionBadgeScreen took 106ms

com.adamoutler.ssh.ui.screens.ConnectionListScreenScreenshotTest > activeConnectionBadgeScreen PASSED
⏱️ TEST-METRIC: com.adamoutler.ssh.ui.screens.ConnectionListScreenScreenshotTest.menuExpandedScreen took 110ms

com.adamoutler.ssh.ui.screens.ConnectionListScreenScreenshotTest > menuExpandedScreen PASSED
⏱️ TEST-METRIC: com.adamoutler.ssh.ui.screens.ConnectionListScreenScreenshotTest.defaultScreen took 100ms

com.adamoutler.ssh.ui.screens.ConnectionListScreenScreenshotTest > defaultScreen PASSED
⏱️ TEST-METRIC: com.adamoutler.ssh.ui.screens.ConnectionListViewModelDragDropTest.testDragAndDropReordersItems took 1014ms

com.adamoutler.ssh.ui.screens.ConnectionListViewModelDragDropTest > testDragAndDropReordersItems PASSED
See the Paparazzi report at: file:///home/adamoutler/git/ssh/app/build/reports/paparazzi/debug/index.html

BUILD SUCCESSFUL in 21s
30 actionable tasks: 2 executed, 28 up-to-date
