> Task :app:checkKotlinGradlePluginConfigurationErrors
> Task :app:preBuild UP-TO-DATE
> Task :app:preDebugBuild UP-TO-DATE
> Task :app:generateDebugBuildConfig UP-TO-DATE
> Task :app:checkDebugAarMetadata UP-TO-DATE
> Task :app:generateDebugResValues UP-TO-DATE
> Task :app:mapDebugSourceSetPaths UP-TO-DATE
> Task :app:generateDebugResources UP-TO-DATE
> Task :app:mergeDebugResources UP-TO-DATE
> Task :app:packageDebugResources UP-TO-DATE
> Task :app:parseDebugLocalResources UP-TO-DATE
> Task :app:createDebugCompatibleScreenManifests UP-TO-DATE
> Task :app:extractDeepLinksDebug UP-TO-DATE
> Task :app:processDebugMainManifest UP-TO-DATE
> Task :app:processDebugManifest UP-TO-DATE
> Task :app:processDebugManifestForPackage UP-TO-DATE
> Task :app:processDebugResources UP-TO-DATE
> Task :app:compileDebugKotlin UP-TO-DATE
> Task :app:javaPreCompileDebug UP-TO-DATE
> Task :app:compileDebugJavaWithJavac UP-TO-DATE
> Task :app:bundleDebugClassesToRuntimeJar UP-TO-DATE
> Task :app:mergeDebugShaders UP-TO-DATE
> Task :app:compileDebugShaders NO-SOURCE
> Task :app:generateDebugAssets UP-TO-DATE
> Task :app:mergeDebugAssets UP-TO-DATE
> Task :app:preDebugUnitTestBuild UP-TO-DATE
> Task :app:packageDebugUnitTestForUnitTest UP-TO-DATE
> Task :app:generateDebugUnitTestConfig UP-TO-DATE
> Task :app:preparePaparazziDebugResources UP-TO-DATE
> Task :app:processDebugJavaRes UP-TO-DATE
> Task :app:bundleDebugClassesToCompileJar UP-TO-DATE
> Task :app:compileDebugUnitTestKotlin UP-TO-DATE
> Task :app:processDebugUnitTestJavaRes UP-TO-DATE
> Task :app:javaPreCompileDebugUnitTest UP-TO-DATE
> Task :app:compileDebugUnitTestJavaWithJavac NO-SOURCE
> Task :app:transformDebugUnitTestClassesWithAsm UP-TO-DATE

> Task :app:testDebugUnitTest
⏱️ TEST-METRIC: com.adamoutler.ssh.ReflectionTest.dumpMethods took 24ms

ReflectionTest > dumpMethods PASSED
⏱️ TEST-METRIC: com.adamoutler.ssh.ReflectionTest2.dumpMethods took 24ms

ReflectionTest2 > dumpMethods PASSED
⏱️ TEST-METRIC: com.adamoutler.ssh.ExceptionTest.testException took 40ms

ExceptionTest > testException PASSED
⏱️ TEST-METRIC: com.adamoutler.ssh.ReflectionTest3.dumpMethods took 15ms

ReflectionTest3 > dumpMethods PASSED
⏱️ TEST-METRIC: com.adamoutler.ssh.ViewModelReflectionTest.testReflection took 16ms

ViewModelReflectionTest > testReflection PASSED
⏱️ TEST-METRIC: com.adamoutler.ssh.network.ConnectionStateRepositoryTest.test output is buffered before UI attaches and emitted after took 284ms

ConnectionStateRepositoryTest > test output is buffered before UI attaches and emitted after PASSED
⏱️ TEST-METRIC: com.adamoutler.ssh.backup.BackupCryptoManagerTest.testExportAndImportBackup took 568ms

BackupCryptoManagerTest > testExportAndImportBackup PASSED
⏱️ TEST-METRIC: com.adamoutler.ssh.network.SshConnectionManagerIntegrationTest.testHeadlessPasswordConnectionAndPtyInteraction took 3218ms

SshConnectionManagerIntegrationTest > testHeadlessPasswordConnectionAndPtyInteraction PASSED
⏱️ TEST-METRIC: com.adamoutler.ssh.network.SshConnectionManagerIntegrationTest.testHeadlessPasswordConnectionFailsAndClearsMemory took 125ms

SshConnectionManagerIntegrationTest > testHeadlessPasswordConnectionFailsAndClearsMemory PASSED
⏱️ TEST-METRIC: com.adamoutler.ssh.CoSshApplicationTest.testBouncyCastleProviderIsRegistered took 7875ms

CoSshApplicationTest > testBouncyCastleProviderIsRegistered PASSED
⏱️ TEST-METRIC: com.adamoutler.ssh.CoSshApplicationTest.testSecureCrashHandlerIsRegistered took 319ms

CoSshApplicationTest > testSecureCrashHandlerIsRegistered PASSED
⏱️ TEST-METRIC: com.adamoutler.ssh.CoSshApplicationTest.testSecureCrashHandlerRedactsAndWritesToDisk took 337ms

CoSshApplicationTest > testSecureCrashHandlerRedactsAndWritesToDisk PASSED
⏱️ TEST-METRIC: com.adamoutler.ssh.crypto.IdentityStorageManagerTest.testSaveAndRetrieveIdentity took 9219ms

IdentityStorageManagerTest > testSaveAndRetrieveIdentity PASSED
⏱️ TEST-METRIC: com.adamoutler.ssh.crypto.IdentityStorageManagerTest.testGetAllIdentities took 271ms

IdentityStorageManagerTest > testGetAllIdentities PASSED
⏱️ TEST-METRIC: com.adamoutler.ssh.crypto.SecurityStorageManagerTest.testStrongBoxFallbackLogic took 9236ms

SecurityStorageManagerTest > testStrongBoxFallbackLogic PASSED
⏱️ TEST-METRIC: com.adamoutler.ssh.crypto.IdentityStorageManagerTest.testDeleteIdentity took 347ms

IdentityStorageManagerTest > testDeleteIdentity PASSED
⏱️ TEST-METRIC: com.adamoutler.ssh.ui.components.TerminalScreenCopyTest.testTerminalCopyTextStripsTrailingSpaces took 9682ms

TerminalScreenCopyTest > testTerminalCopyTextStripsTrailingSpaces PASSED
⏱️ TEST-METRIC: com.adamoutler.ssh.crypto.SecurityStorageManagerTest.testSaveAndRetrieveProfile took 491ms

SecurityStorageManagerTest > testSaveAndRetrieveProfile PASSED
⏱️ TEST-METRIC: com.adamoutler.ssh.crypto.SecurityStorageManagerTest.testDeleteProfile took 342ms

SecurityStorageManagerTest > testDeleteProfile PASSED
⏱️ TEST-METRIC: com.adamoutler.ssh.network.SshServiceForegroundTest.test service connection state transitions to error on failure took 776ms

SshServiceForegroundTest > test service connection state transitions to error on failure PASSED
⏱️ TEST-METRIC: com.adamoutler.ssh.crypto.SecurityStorageManagerTest.testGetAllProfiles took 226ms

SecurityStorageManagerTest > testGetAllProfiles PASSED
⏱️ TEST-METRIC: com.adamoutler.ssh.network.SshServiceForegroundTest.starting service on API 34 calls startForeground with type took 153ms

SshServiceForegroundTest > starting service on API 34 calls startForeground with type PASSED
⏱️ TEST-METRIC: com.adamoutler.ssh.ui.components.TerminalSessionPersistenceTest.testTerminalSessionIsPersistedInProvider took 262ms

TerminalSessionPersistenceTest > testTerminalSessionIsPersistedInProvider PASSED
⏱️ TEST-METRIC: com.adamoutler.ssh.crypto.SSHKeyGeneratorTest.testGenerateRSAKeyPair took 3697ms

SSHKeyGeneratorTest > testGenerateRSAKeyPair PASSED
⏱️ TEST-METRIC: com.adamoutler.ssh.crypto.SSHKeyGeneratorTest.testGenerateEd25519KeyPair took 40ms

SSHKeyGeneratorTest > testGenerateEd25519KeyPair PASSED
⏱️ TEST-METRIC: com.adamoutler.ssh.ui.base.BaseViewModelTest.testCoroutineExceptionIsCaughtAndEmitsUiEvent took 540ms

BaseViewModelTest > testCoroutineExceptionIsCaughtAndEmitsUiEvent PASSED
⏱️ TEST-METRIC: com.adamoutler.ssh.PlaceholderScreenScreenshotTest.defaultScreen took 13643ms

PlaceholderScreenScreenshotTest > defaultScreen PASSED
⏱️ TEST-METRIC: com.adamoutler.ssh.network.NotificationScreenshotTest.testForegroundNotification took 14247ms

NotificationScreenshotTest > testForegroundNotification PASSED
⏱️ TEST-METRIC: com.adamoutler.ssh.network.FiftyKbIntegrityTest.test50KbDataIntegrity took 14862ms

FiftyKbIntegrityTest > test50KbDataIntegrity PASSED
⏱️ TEST-METRIC: com.adamoutler.ssh.network.SshConnectionManagerInjectionTest.testInjectPublicKey_ValidKey_AttemptConnect took 17517ms

SshConnectionManagerInjectionTest > testInjectPublicKey_ValidKey_AttemptConnect PASSED
⏱️ TEST-METRIC: com.adamoutler.ssh.AppLaunchTest.testAppLaunchesSuccessfully took 17942ms

AppLaunchTest > testAppLaunchesSuccessfully PASSED
⏱️ TEST-METRIC: com.adamoutler.ssh.ui.components.TerminalScreenResumeScreenshotTest.terminalShowsPersistedHistoryOnResume took 14941ms

TerminalScreenResumeScreenshotTest > terminalShowsPersistedHistoryOnResume PASSED
⏱️ TEST-METRIC: com.adamoutler.ssh.crypto.SSHKeyGeneratorEncodingTest.testGenerateAndEncodeRSA took 3036ms

SSHKeyGeneratorEncodingTest > testGenerateAndEncodeRSA PASSED
⏱️ TEST-METRIC: com.adamoutler.ssh.network.SshConnectionManagerInjectionTest.testInjectPublicKey_InvalidKey_ReturnsFalse took 3272ms

SshConnectionManagerInjectionTest > testInjectPublicKey_InvalidKey_ReturnsFalse PASSED
⏱️ TEST-METRIC: com.adamoutler.ssh.crypto.SSHKeyGeneratorEncodingTest.testGenerateAndEncodeEd25519 took 217ms

SSHKeyGeneratorEncodingTest > testGenerateAndEncodeEd25519 PASSED
⏱️ TEST-METRIC: com.adamoutler.ssh.ui.components.TerminalScreenNewlineBleedThroughTest.testBleedThroughKeyEventIsIgnored took 8018ms

TerminalScreenNewlineBleedThroughTest > testBleedThroughKeyEventIsIgnored PASSED
⏱️ TEST-METRIC: com.adamoutler.ssh.ui.screens.IdentityViewModelTest.testSaveAndLoadIdentities took 295ms

IdentityViewModelTest > testSaveAndLoadIdentities PASSED
⏱️ TEST-METRIC: com.adamoutler.ssh.ui.screens.IdentityViewModelTest.testDeleteIdentity took 140ms

IdentityViewModelTest > testDeleteIdentity PASSED
⏱️ TEST-METRIC: com.adamoutler.ssh.ui.components.TerminalExtraKeysScreenshotTest.page1_withModifiers took 12592ms

TerminalExtraKeysScreenshotTest > page1_withModifiers PASSED
⏱️ TEST-METRIC: com.adamoutler.ssh.ui.components.TerminalExtraKeysScreenshotTest.page1_noModifiers took 384ms

TerminalExtraKeysScreenshotTest > page1_noModifiers PASSED
⏱️ TEST-METRIC: com.adamoutler.ssh.ui.screens.ConnectionListSessionSelectorScreenshotTest.sessionSelectorDialogScreen took 13664ms

ConnectionListSessionSelectorScreenshotTest > sessionSelectorDialogScreen PASSED
⏱️ TEST-METRIC: com.adamoutler.ssh.ui.screens.AddEditProfileViewModelTest.test save and retrieve profile took 93ms

AddEditProfileViewModelTest > test save and retrieve profile PASSED
⏱️ TEST-METRIC: com.adamoutler.ssh.ui.screens.AddEditProfileScreenScreenshotTest.toggledScreenPasswordAuth took 11410ms

AddEditProfileScreenScreenshotTest > toggledScreenPasswordAuth PASSED
⏱️ TEST-METRIC: com.adamoutler.ssh.ui.screens.AddEditProfileScreenScreenshotTest.defaultScreenPasswordAuth took 529ms

AddEditProfileScreenScreenshotTest > defaultScreenPasswordAuth PASSED
⏱️ TEST-METRIC: com.adamoutler.ssh.ui.components.TerminalScreenDialogScreenshotTest.sessionDisconnectedDialogScreen took 10116ms

TerminalScreenDialogScreenshotTest > sessionDisconnectedDialogScreen PASSED
⏱️ TEST-METRIC: com.adamoutler.ssh.ui.screens.AddEditProfileScreenScreenshotTest.defaultScreenKeyAuth took 370ms

AddEditProfileScreenScreenshotTest > defaultScreenKeyAuth PASSED
⏱️ TEST-METRIC: com.adamoutler.ssh.ui.components.TerminalScreenDialogScreenshotTest.keepAliveDialogScreen took 376ms

TerminalScreenDialogScreenshotTest > keepAliveDialogScreen PASSED
⏱️ TEST-METRIC: com.adamoutler.ssh.ui.components.TerminalScreenDialogScreenshotTest.connectionFailedDialogScreen took 214ms

TerminalScreenDialogScreenshotTest > connectionFailedDialogScreen PASSED
⏱️ TEST-METRIC: com.adamoutler.ssh.network.AppConnectionIntegrationTest.testInAppTerminalConnectionAndDataTransfer took 12378ms

AppConnectionIntegrationTest > testInAppTerminalConnectionAndDataTransfer PASSED
⏱️ TEST-METRIC: com.adamoutler.ssh.ui.components.TerminalModifierLogicTest.testCtrlC_Encoding took 1ms

TerminalModifierLogicTest > testCtrlC_Encoding PASSED
⏱️ TEST-METRIC: com.adamoutler.ssh.ui.components.TerminalModifierLogicTest.testAltA_Encoding took 0ms

TerminalModifierLogicTest > testAltA_Encoding PASSED
⏱️ TEST-METRIC: com.adamoutler.ssh.ui.components.TerminalModifierLogicTest.testTerminalInputLockout took 0ms

TerminalModifierLogicTest > testTerminalInputLockout PASSED
⏱️ TEST-METRIC: com.adamoutler.ssh.ui.screens.ConnectionListScreenScreenshotTest.draggedConnectionItemScreen took 301ms

ConnectionListScreenScreenshotTest > draggedConnectionItemScreen PASSED
⏱️ TEST-METRIC: com.adamoutler.ssh.ui.components.TerminalScreenOverlayScreenshotTest.overlayButtonsVisible took 5454ms

TerminalScreenOverlayScreenshotTest > overlayButtonsVisible PASSED
⏱️ TEST-METRIC: com.adamoutler.ssh.ui.screens.ConnectionListScreenScreenshotTest.activeConnectionBadgeScreen took 364ms

ConnectionListScreenScreenshotTest > activeConnectionBadgeScreen PASSED
⏱️ TEST-METRIC: com.adamoutler.ssh.ui.screens.ConnectionListViewModelDragDropTest.testDragAndDropReordersItems took 1408ms

ConnectionListViewModelDragDropTest > testDragAndDropReordersItems PASSED
⏱️ TEST-METRIC: com.adamoutler.ssh.ui.screens.ConnectionListScreenScreenshotTest.menuExpandedScreen took 227ms

ConnectionListScreenScreenshotTest > menuExpandedScreen PASSED
⏱️ TEST-METRIC: com.adamoutler.ssh.ui.screens.ConnectionListScreenScreenshotTest.defaultScreen took 178ms

ConnectionListScreenScreenshotTest > defaultScreen PASSED
⏱️ TEST-METRIC: com.adamoutler.ssh.ui.UserJourneyIntegrationTest.testUserJourney_AddProfileAndSeeInList took 6218ms

UserJourneyIntegrationTest > testUserJourney_AddProfileAndSeeInList PASSED
⏱️ TEST-METRIC: com.adamoutler.ssh.ui.keys.KeyManagementScreenScreenshotTest.screenWithGeneratedKey took 3203ms

KeyManagementScreenScreenshotTest > screenWithGeneratedKey PASSED
⏱️ TEST-METRIC: com.adamoutler.ssh.ui.keys.KeyManagementScreenScreenshotTest.defaultScreen took 139ms

KeyManagementScreenScreenshotTest > defaultScreen PASSED
ℹ️  Standard test suite completed. Note: Long-running @FullTest tests were SKIPPED.
ℹ️  Recommendation: Run './gradlew test connectedAndroidTest -PfullTestRun' for a complete overview.
See the Paparazzi report at: file:///home/adamoutler/git/ssh/app/build/reports/paparazzi/debug/index.html

BUILD SUCCESSFUL in 33s
31 actionable tasks: 2 executed, 29 up-to-date
